1: package IOExample;
2: 
3: import java.io.BufferedReader;
4: import java.io.BufferedWriter;
5: import java.io.FileWriter;
6: import java.io.PrintWriter;
7: import java.io.StringReader;
8: 
9: public class BasicFileOutput {
10: 
11: 	static String filename = "./src/IOExample/basic.out";
12: 
13: 	public static void main(String[] args) throws Exception {
14: 		BufferedReader br = new BufferedReader(new StringReader(
15: 				InputStreamTest.read("./src/IOExample/BasicFileOutput.java")));
16: 		PrintWriter pw = new PrintWriter(new BufferedWriter(new FileWriter(
17: 				filename)));
18: 		int lineCount = 1;
19: 		String s;
20: 		while((s = br.readLine()) != null){
21: 			pw.println(lineCount++ + ": " + s);
22: 		}
23: 		pw.close();
24: 		System.out.println(InputStreamTest.read(filename));  
25: 	}
26: }
